#
# There is insufficient memory for the Java Runtime Environment to continue.
# Native memory allocation (mmap) failed to map 130023424 bytes. Error detail: G1 virtual space
# Possible reasons:
#   The system is out of physical RAM or swap space
#   This process is running with CompressedOops enabled, and the Java Heap may be blocking the growth of the native heap
# Possible solutions:
#   Reduce memory load on the system
#   Increase physical memory or swap space
#   Check if swap backing store is full
#   Decrease Java heap size (-Xmx/-Xms)
#   Decrease number of Java threads
#   Decrease Java thread stack sizes (-Xss)
#   Set larger code cache with -XX:ReservedCodeCacheSize=
#   JVM is running with Unscaled Compressed Oops mode in which the Java heap is
#     placed in the first 4GB address space. The Java Heap base address is the
#     maximum limit for the native heap growth. Please use -XX:HeapBaseMinAddress
#     to set the Java Heap base and to place the Java Heap above 4GB virtual address.
# This output file may be truncated or incomplete.
#
#  Out of Memory Error (os_windows.cpp:3703), pid=16364, tid=16344
#
# JRE version:  (23.0+37) (build )
# Java VM: Java HotSpot(TM) 64-Bit Server VM (23+37-2369, mixed mode, sharing, tiered, compressed oops, compressed class ptrs, g1 gc, windows-amd64)
# No core dump will be written. Minidumps are not enabled by default on client versions of Windows
#

---------------  S U M M A R Y ------------

Command Line: -javaagent:C:\Program Files\JetBrains\IntelliJ IDEA Community Edition 2024.2.2\lib\idea_rt.jar=49302:C:\Program Files\JetBrains\IntelliJ IDEA Community Edition 2024.2.2\bin -Dfile.encoding=UTF-8 -Dsun.stdout.encoding=UTF-8 -Dsun.stderr.encoding=UTF-8 com.pluralsight.Main

Host: 12th Gen Intel(R) Core(TM) i5-1235U, 12 cores, 7G,  Windows 10 , 64 bit Build 19041 (10.0.19041.3636)
Time: Fri Oct 18 10:35:50 2024 Central Daylight Time elapsed time: 0.033672 seconds (0d 0h 0m 0s)

---------------  T H R E A D  ---------------

Current thread (0x0000022b9fb1f7c0):  JavaThread "Unknown thread" [_thread_in_vm, id=16344, stack(0x0000004dc1700000,0x0000004dc1800000) (1024K)]

Stack: [0x0000004dc1700000,0x0000004dc1800000]
Native frames: (J=compiled Java code, j=interpreted, Vv=VM code, C=native code)
V  [jvm.dll+0x6e08a9]  (no source info available)
V  [jvm.dll+0x87da63]  (no source info available)
V  [jvm.dll+0x87feee]  (no source info available)
V  [jvm.dll+0x8805c3]  (no source info available)
V  [jvm.dll+0x27aee6]  (no source info available)
V  [jvm.dll+0x6dd1b5]  (no source info available)
V  [jvm.dll+0x6d103a]  (no source info available)
V  [jvm.dll+0x35b3ea]  (no source info available)
V  [jvm.dll+0x3637f6]  (no source info available)
V  [jvm.dll+0x34fd5e]  (no source info available)
V  [jvm.dll+0x34fff8]  (no source info available)
V  [jvm.dll+0x3289cc]  (no source info available)
V  [jvm.dll+0x32966e]  (no source info available)
V  [jvm.dll+0x8442e5]  (no source info available)
V  [jvm.dll+0x3b9848]  (no source info available)
V  [jvm.dll+0x82d0dc]  (no source info available)
V  [jvm.dll+0x454d4e]  (no source info available)
V  [jvm.dll+0x456bd1]  (no source info available)
C  [jli.dll+0x52a3]  (no source info available)
C  [ucrtbase.dll+0x21bb2]  (no source info available)
C  [KERNEL32.DLL+0x17344]  (no source info available)
C  [ntdll.dll+0x526b1]  (no source info available)

Lock stack of current Java thread (top to bottom):


---------------  P R O C E S S  ---------------

Threads class SMR info:
_java_thread_list=0x00007ffc826c3618, length=0, elements={
}

Java Threads: ( => current thread )
Total: 0

Other Threads:
  0x0000022ba1e15a60 WorkerThread "GC Thread#0"                     [id=15768, stack(0x0000004dc1800000,0x0000004dc1900000) (1024K)]
  0x0000022ba1e47180 ConcurrentGCThread "G1 Main Marker"            [id=7508, stack(0x0000004dc1900000,0x0000004dc1a00000) (1024K)]
  0x0000022ba1e47ba0 WorkerThread "G1 Conc#0"                       [id=19900, stack(0x0000004dc1a00000,0x0000004dc1b00000) (1024K)]

[error occurred during error reporting (printing all threads), id 0xc0000005, EXCEPTION_ACCESS_VIOLATION (0xc0000005) at pc=0x00007ffc81e0bfba]
VM state: not at safepoint (not fully initialized)

VM Mutex/Monitor currently owned by a thread:  ([mutex/lock_event])
[0x00007ffc82743a10] Heap_lock - owner thread: 0x0000022b9fb1f7c0

Heap address: 0x0000000085000000, size: 1968 MB, Compressed Oops mode: 32-bit

CDS archive(s) mapped at: [0x0000000000000000-0x0000000000000000-0x0000000000000000), size 0, SharedBaseAddress: 0x0000000800000000, ArchiveRelocationMode: 1.
Narrow klass base: 0x0000000000000000, Narrow klass shift: 0, Narrow klass range: 0x0

GC Precious Log:
 CardTable entry size: 512
 Card Set container configuration: InlinePtr #cards 5 size 8 Array Of Cards #cards 10 size 36 Howl #buckets 4 coarsen threshold 1843 Howl Bitmap #cards 512 size 80 coarsen threshold 460 Card regions per heap region 1 cards per card region 2048

Heap:
 garbage-first heap   total reserved 2015232K, committed 0K, used 0K [0x0000000085000000, 0x0000000100000000)
  region size 1024K, 0 young (0K), 0 survivors (0K)

[error occurred during error reporting (printing heap information), id 0xc0000005, EXCEPTION_ACCESS_VIOLATION (0xc0000005) at pc=0x00007ffc8220c3b9]
GC Heap History (0 events):
No events

Dll operation events (1 events):
Event: 0.027 Loaded shared library C:\Program Files\Java\jdk-23\bin\java.dll

Deoptimization events (0 events):
No events

Classes loaded (0 events):
No events

Classes unloaded (0 events):
No events

Classes redefined (0 events):
No events

Internal exceptions (0 events):
No events

VM Operations (0 events):
No events

Memory protections (0 events):
No events

Nmethod flushes (0 events):
No events

Events (0 events):
No events


Dynamic libraries:
0x00007ff69b4b0000 - 0x00007ff69b4c0000 	C:\Program Files\Java\jdk-23\bin\java.exe
0x00007ffcd56f0000 - 0x00007ffcd58e8000 	C:\Windows\SYSTEM32\ntdll.dll
0x00007ffcd4f20000 - 0x00007ffcd4fdd000 	C:\Windows\System32\KERNEL32.DLL
0x00007ffcd2f70000 - 0x00007ffcd3266000 	C:\Windows\System32\KERNELBASE.dll
0x00007ffcd34c0000 - 0x00007ffcd35c0000 	C:\Windows\System32\ucrtbase.dll
0x00007ffcc8de0000 - 0x00007ffcc8df7000 	C:\Program Files\Java\jdk-23\bin\jli.dll
0x00007ffcbdc50000 - 0x00007ffcbdc6b000 	C:\Program Files\Java\jdk-23\bin\VCRUNTIME140.dll
0x00007ffcd3e80000 - 0x00007ffcd401e000 	C:\Windows\System32\USER32.dll
0x00007ffcd2f10000 - 0x00007ffcd2f32000 	C:\Windows\System32\win32u.dll
0x00007ffcb6870000 - 0x00007ffcb6b0a000 	C:\Windows\WinSxS\amd64_microsoft.windows.common-controls_6595b64144ccf1df_6.0.19041.3636_none_60b6a03d71f818d5\COMCTL32.dll
0x00007ffcd3d30000 - 0x00007ffcd3d5b000 	C:\Windows\System32\GDI32.dll
0x00007ffcd50a0000 - 0x00007ffcd513e000 	C:\Windows\System32\msvcrt.dll
0x00007ffcd35c0000 - 0x00007ffcd36d7000 	C:\Windows\System32\gdi32full.dll
0x00007ffcd3420000 - 0x00007ffcd34bd000 	C:\Windows\System32\msvcp_win.dll
0x00007ffcd5140000 - 0x00007ffcd5172000 	C:\Windows\System32\IMM32.DLL
0x00007ffccb410000 - 0x00007ffccb41c000 	C:\Program Files\Java\jdk-23\bin\vcruntime140_1.dll
0x00007ffcaf510000 - 0x00007ffcaf59e000 	C:\Program Files\Java\jdk-23\bin\msvcp140.dll
0x00007ffc81ad0000 - 0x00007ffc8281f000 	C:\Program Files\Java\jdk-23\bin\server\jvm.dll
0x00007ffcd4fe0000 - 0x00007ffcd5093000 	C:\Windows\System32\ADVAPI32.dll
0x00007ffcd4bf0000 - 0x00007ffcd4c8f000 	C:\Windows\System32\sechost.dll
0x00007ffcd3b50000 - 0x00007ffcd3c76000 	C:\Windows\System32\RPCRT4.dll
0x00007ffcd2f40000 - 0x00007ffcd2f67000 	C:\Windows\System32\bcrypt.dll
0x00007ffcd4ca0000 - 0x00007ffcd4d0b000 	C:\Windows\System32\WS2_32.dll
0x00007ffcd2360000 - 0x00007ffcd23ab000 	C:\Windows\SYSTEM32\POWRPROF.dll
0x00007ffcbcc60000 - 0x00007ffcbcc6a000 	C:\Windows\SYSTEM32\VERSION.dll
0x00007ffcc4860000 - 0x00007ffcc4887000 	C:\Windows\SYSTEM32\WINMM.dll
0x00007ffcd21c0000 - 0x00007ffcd21d2000 	C:\Windows\SYSTEM32\UMPDC.dll
0x00007ffcd15f0000 - 0x00007ffcd1602000 	C:\Windows\SYSTEM32\kernel.appcore.dll
0x00007ffcc9af0000 - 0x00007ffcc9afa000 	C:\Program Files\Java\jdk-23\bin\jimage.dll
0x00007ffcd0670000 - 0x00007ffcd0854000 	C:\Windows\SYSTEM32\DBGHELP.DLL
0x00007ffcbfd80000 - 0x00007ffcbfdb4000 	C:\Windows\SYSTEM32\dbgcore.DLL
0x00007ffcd32e0000 - 0x00007ffcd3362000 	C:\Windows\System32\bcryptPrimitives.dll
0x00007ffcc8e80000 - 0x00007ffcc8e8f000 	C:\Program Files\Java\jdk-23\bin\instrument.dll
0x00007ffcb9b50000 - 0x00007ffcb9b6e000 	C:\Program Files\Java\jdk-23\bin\java.dll
0x00007ffcd4d10000 - 0x00007ffcd4e3b000 	C:\Windows\System32\ole32.dll
0x00007ffcd4130000 - 0x00007ffcd4484000 	C:\Windows\System32\combase.dll
0x00007ffcd4490000 - 0x00007ffcd4bd5000 	C:\Windows\System32\SHELL32.dll

dbghelp: loaded successfully - version: 4.0.5 - missing functions: none
symbol engine: initialized successfully - sym options: 0x614 - pdb path: .;C:\Program Files\Java\jdk-23\bin;C:\Windows\SYSTEM32;C:\Windows\WinSxS\amd64_microsoft.windows.common-controls_6595b64144ccf1df_6.0.19041.3636_none_60b6a03d71f818d5;C:\Program Files\Java\jdk-23\bin\server

VM Arguments:
jvm_args: -javaagent:C:\Program Files\JetBrains\IntelliJ IDEA Community Edition 2024.2.2\lib\idea_rt.jar=49302:C:\Program Files\JetBrains\IntelliJ IDEA Community Edition 2024.2.2\bin -Dfile.encoding=UTF-8 -Dsun.stdout.encoding=UTF-8 -Dsun.stderr.encoding=UTF-8 
java_command: com.pluralsight.Main
java_class_path (initial): C:\LearnToCode_Capstones\Accounting\target\classes
Launcher Type: SUN_STANDARD

[Global flags]
     intx CICompilerCount                          = 4                                         {product} {ergonomic}
     uint ConcGCThreads                            = 3                                         {product} {ergonomic}
     uint G1ConcRefinementThreads                  = 10                                        {product} {ergonomic}
   size_t G1HeapRegionSize                         = 1048576                                   {product} {ergonomic}
   size_t InitialHeapSize                          = 130023424                                 {product} {ergonomic}
   size_t MarkStackSize                            = 4194304                                   {product} {ergonomic}
   size_t MarkStackSizeMax                         = 536870912                                 {product} {ergonomic}
   size_t MaxHeapSize                              = 2063597568                                {product} {ergonomic}
   size_t MinHeapDeltaBytes                        = 1048576                                   {product} {ergonomic}
   size_t MinHeapSize                              = 8388608                                   {product} {ergonomic}
    uintx NonNMethodCodeHeapSize                   = 5832704                                {pd product} {ergonomic}
    uintx NonProfiledCodeHeapSize                  = 122945536                              {pd product} {ergonomic}
    uintx ProfiledCodeHeapSize                     = 122880000                              {pd product} {ergonomic}
    uintx ReservedCodeCacheSize                    = 251658240                              {pd product} {ergonomic}
     bool SegmentedCodeCache                       = true                                      {product} {ergonomic}
   size_t SoftMaxHeapSize                          = 2063597568                             {manageable} {ergonomic}
     bool UseCompressedOops                        = true                           {product lp64_product} {ergonomic}
     bool UseG1GC                                  = true                                      {product} {ergonomic}
     bool UseLargePagesIndividualAllocation        = false                                  {pd product} {ergonomic}

Logging:
Log output configuration:
 #0: stdout all=warning uptime,level,tags foldmultilines=false
 #1: stderr all=off uptime,level,tags foldmultilines=false

Environment Variables:
PATH=C:\Program Files\Common Files\Oracle\Java\javapath;C:\Python311\Scripts\;C:\Python311\;C:\Windows\system32;C:\Windows;C:\Windows\System32\Wbem;C:\Windows\System32\WindowsPowerShell\v1.0\;C:\Windows\System32\OpenSSH\;C:\Program Files\nodejs\;C:\ProgramData\chocolatey\bin;C:\Program Files\Git2\cmd;C:\Users\Student\AppData\Local\Microsoft\WindowsApps;C:\Users\Student\AppData\Local\GitHubDesktop\bin
USERNAME=Student
OS=Windows_NT
PROCESSOR_IDENTIFIER=Intel64 Family 6 Model 154 Stepping 4, GenuineIntel
TMP=C:\Users\Student\AppData\Local\Temp
TEMP=C:\Users\Student\AppData\Local\Temp




Periodic native trim disabled

---------------  S Y S T E M  ---------------

OS:
 Windows 10 , 64 bit Build 19041 (10.0.19041.3636)
OS uptime: 8 days 16:08 hours

CPU: total 12 (initial active 12) (12 cores per cpu, 1 threads per core) family 6 model 154 stepping 4 microcode 0x432, cx8, cmov, fxsr, mmx, 3dnowpref, sse, sse2, sse3, ssse3, sse4.1, sse4.2, popcnt, lzcnt, tsc, tscinvbit, avx, avx2, aes, erms, clmul, bmi1, bmi2, adx, sha, fma, vzeroupper, clflush, clflushopt, clwb, serialize, rdtscp, rdpid, fsrm, gfni, f16c, pku, cet_ibt, cet_ss
Processor Information for processor 0
  Max Mhz: 1300, Current Mhz: 1300, Mhz Limit: 897
Processor Information for processor 1
  Max Mhz: 1300, Current Mhz: 1300, Mhz Limit: 897
Processor Information for processor 2
  Max Mhz: 1300, Current Mhz: 1300, Mhz Limit: 1300
Processor Information for processor 3
  Max Mhz: 1300, Current Mhz: 1300, Mhz Limit: 1300
Processor Information for processor 4
  Max Mhz: 1300, Current Mhz: 900, Mhz Limit: 897
Processor Information for processor 5
  Max Mhz: 1300, Current Mhz: 900, Mhz Limit: 897
Processor Information for processor 6
  Max Mhz: 1300, Current Mhz: 900, Mhz Limit: 897
Processor Information for processor 7
  Max Mhz: 1300, Current Mhz: 900, Mhz Limit: 897
Processor Information for processor 8
  Max Mhz: 1300, Current Mhz: 900, Mhz Limit: 897
Processor Information for processor 9
  Max Mhz: 1300, Current Mhz: 900, Mhz Limit: 897
Processor Information for processor 10
  Max Mhz: 1300, Current Mhz: 900, Mhz Limit: 897
Processor Information for processor 11
  Max Mhz: 1300, Current Mhz: 900, Mhz Limit: 897

Memory: 4k page, system-wide physical 7867M (456M free)
TotalPageFile size 32443M (AvailPageFile size 125M)
current process WorkingSet (physical memory assigned to process): 11M, peak: 11M
current process commit charge ("private bytes"): 64M, peak: 188M

vm_info: Java HotSpot(TM) 64-Bit Server VM (23+37-2369) for windows-amd64 JRE (23+37-2369), built on 2024-08-20T16:01:23Z with MS VC++ 17.6 (VS2022)

END.
